<?xml version="1.0" encoding="UTF-8"?>
<testsuite name="com.hkhexbook.springboot.web.PostsApiControllerTest" tests="2" skipped="0" failures="0" errors="0" timestamp="2023-03-13T07:05:42" hostname="DESKTOP-LHCGSHO" time="0.137">
  <properties/>
  <testcase name="Posts_등록된다" classname="com.hkhexbook.springboot.web.PostsApiControllerTest" time="0.097"/>
  <testcase name="Posts_수정된다" classname="com.hkhexbook.springboot.web.PostsApiControllerTest" time="0.039"/>
  <system-out><![CDATA[2023-03-13 16:05:41.088  INFO 2648 --- [    Test worker] .b.t.c.SpringBootTestContextBootstrapper : Neither @ContextConfiguration nor @ContextHierarchy found for test class [com.hkhexbook.springboot.web.PostsApiControllerTest], using SpringBootContextLoader
2023-03-13 16:05:41.088  INFO 2648 --- [    Test worker] o.s.t.c.support.AbstractContextLoader    : Could not detect default resource locations for test class [com.hkhexbook.springboot.web.PostsApiControllerTest]: no resource found for suffixes {-context.xml, Context.groovy}.
2023-03-13 16:05:41.088  INFO 2648 --- [    Test worker] t.c.s.AnnotationConfigContextLoaderUtils : Could not detect default configuration classes for test class [com.hkhexbook.springboot.web.PostsApiControllerTest]: PostsApiControllerTest does not declare any static, non-private, non-final, nested classes annotated with @Configuration.
2023-03-13 16:05:41.088  INFO 2648 --- [    Test worker] .b.t.c.SpringBootTestContextBootstrapper : Found @SpringBootConfiguration com.hkhexbook.springboot.Application for test class com.hkhexbook.springboot.web.PostsApiControllerTest
2023-03-13 16:05:41.088  INFO 2648 --- [    Test worker] .b.t.c.SpringBootTestContextBootstrapper : Loaded default TestExecutionListener class names from location [META-INF/spring.factories]: [org.springframework.security.test.context.support.WithSecurityContextTestExecutionListener, org.springframework.security.test.context.support.ReactorContextTestExecutionListener, org.springframework.boot.test.autoconfigure.restdocs.RestDocsTestExecutionListener, org.springframework.boot.test.autoconfigure.web.client.MockRestServiceServerResetTestExecutionListener, org.springframework.boot.test.autoconfigure.web.servlet.MockMvcPrintOnlyOnFailureTestExecutionListener, org.springframework.boot.test.autoconfigure.web.servlet.WebDriverTestExecutionListener, org.springframework.boot.test.mock.mockito.MockitoTestExecutionListener, org.springframework.boot.test.mock.mockito.ResetMocksTestExecutionListener, org.springframework.test.context.web.ServletTestExecutionListener, org.springframework.test.context.support.DirtiesContextBeforeModesTestExecutionListener, org.springframework.test.context.support.DependencyInjectionTestExecutionListener, org.springframework.test.context.support.DirtiesContextTestExecutionListener, org.springframework.test.context.transaction.TransactionalTestExecutionListener, org.springframework.test.context.jdbc.SqlScriptsTestExecutionListener]
2023-03-13 16:05:41.088  INFO 2648 --- [    Test worker] .b.t.c.SpringBootTestContextBootstrapper : Using TestExecutionListeners: [org.springframework.test.context.web.ServletTestExecutionListener@783a61ec, org.springframework.test.context.support.DirtiesContextBeforeModesTestExecutionListener@5fbb777, org.springframework.boot.test.mock.mockito.MockitoTestExecutionListener@1efd0ea6, org.springframework.boot.test.autoconfigure.SpringBootDependencyInjectionTestExecutionListener@18ce91b4, org.springframework.test.context.support.DirtiesContextTestExecutionListener@3350b640, org.springframework.test.context.transaction.TransactionalTestExecutionListener@6b48ff52, org.springframework.test.context.jdbc.SqlScriptsTestExecutionListener@1db644a3, org.springframework.security.test.context.support.WithSecurityContextTestExecutionListener@71193590, org.springframework.security.test.context.support.ReactorContextTestExecutionListener@474d7f45, org.springframework.boot.test.autoconfigure.restdocs.RestDocsTestExecutionListener@6bd3aa91, org.springframework.boot.test.autoconfigure.web.client.MockRestServiceServerResetTestExecutionListener@44ef6814, org.springframework.boot.test.autoconfigure.web.servlet.MockMvcPrintOnlyOnFailureTestExecutionListener@7c6270ac, org.springframework.boot.test.autoconfigure.web.servlet.WebDriverTestExecutionListener@50f98f32, org.springframework.boot.test.mock.mockito.ResetMocksTestExecutionListener@2688309e]

  .   ____          _            __ _ _
 /\\ / ___'_ __ _ _(_)_ __  __ _ \ \ \ \
( ( )\___ | '_ | '_| | '_ \/ _` | \ \ \ \
 \\/  ___)| |_)| | | | | || (_| |  ) ) ) )
  '  |____| .__|_| |_|_| |_\__, | / / / /
 =========|_|==============|___/=/_/_/_/
 :: Spring Boot ::        (v2.1.7.RELEASE)

2023-03-13 16:05:41.103  INFO 2648 --- [    Test worker] c.h.s.web.PostsApiControllerTest         : Starting PostsApiControllerTest on DESKTOP-LHCGSHO with PID 2648 (started by dkf3r in C:\study\springboot)
2023-03-13 16:05:41.120  INFO 2648 --- [    Test worker] c.h.s.web.PostsApiControllerTest         : No active profile set, falling back to default profiles: default
2023-03-13 16:05:41.311  INFO 2648 --- [    Test worker] .s.d.r.c.RepositoryConfigurationDelegate : Bootstrapping Spring Data repositories in DEFAULT mode.
2023-03-13 16:05:41.326  INFO 2648 --- [    Test worker] .s.d.r.c.RepositoryConfigurationDelegate : Finished Spring Data repository scanning in 15ms. Found 2 repository interfaces.
2023-03-13 16:05:41.424  INFO 2648 --- [    Test worker] trationDelegate$BeanPostProcessorChecker : Bean 'org.springframework.transaction.annotation.ProxyTransactionManagementConfiguration' of type [org.springframework.transaction.annotation.ProxyTransactionManagementConfiguration$$EnhancerBySpringCGLIB$$18b67030] is not eligible for getting processed by all BeanPostProcessors (for example: not eligible for auto-proxying)
2023-03-13 16:05:41.639  INFO 2648 --- [    Test worker] o.s.b.w.embedded.tomcat.TomcatWebServer  : Tomcat initialized with port(s): 0 (http)
2023-03-13 16:05:41.679  INFO 2648 --- [    Test worker] o.apache.catalina.core.StandardService   : Starting service [Tomcat]
2023-03-13 16:05:41.679  INFO 2648 --- [    Test worker] org.apache.catalina.core.StandardEngine  : Starting Servlet engine: [Apache Tomcat/9.0.22]
2023-03-13 16:05:41.858  INFO 2648 --- [    Test worker] o.a.c.c.C.[Tomcat].[localhost].[/]       : Initializing Spring embedded WebApplicationContext
2023-03-13 16:05:41.858  INFO 2648 --- [    Test worker] o.s.web.context.ContextLoader            : Root WebApplicationContext: initialization completed in 738 ms
2023-03-13 16:05:42.009  INFO 2648 --- [    Test worker] com.zaxxer.hikari.HikariDataSource       : HikariPool-2 - Starting...
2023-03-13 16:05:42.009  INFO 2648 --- [    Test worker] com.zaxxer.hikari.HikariDataSource       : HikariPool-2 - Start completed.
2023-03-13 16:05:42.040  INFO 2648 --- [    Test worker] o.hibernate.jpa.internal.util.LogHelper  : HHH000204: Processing PersistenceUnitInfo [
	name: default
	...]
2023-03-13 16:05:42.057  INFO 2648 --- [    Test worker] org.hibernate.dialect.Dialect            : HHH000400: Using dialect: org.hibernate.dialect.MySQL5InnoDBDialect
Hibernate: drop table if exists posts
Hibernate: drop table if exists user
Hibernate: create table posts (id bigint not null auto_increment, create_date datetime, modified_date datetime, author varchar(255), content TEXT not null, title varchar(500) not null, primary key (id)) engine=InnoDB
Hibernate: create table user (id bigint not null auto_increment, create_date datetime, modified_date datetime, email varchar(255) not null, name varchar(255) not null, picture varchar(255), role varchar(255) not null, primary key (id)) engine=InnoDB
2023-03-13 16:05:42.110  INFO 2648 --- [    Test worker] o.h.t.schema.internal.SchemaCreatorImpl  : HHH000476: Executing import script 'org.hibernate.tool.schema.internal.exec.ScriptSourceInputNonExistentImpl@46c9f8ad'
2023-03-13 16:05:42.110  INFO 2648 --- [    Test worker] j.LocalContainerEntityManagerFactoryBean : Initialized JPA EntityManagerFactory for persistence unit 'default'
2023-03-13 16:05:42.393  INFO 2648 --- [    Test worker] o.h.h.i.QueryTranslatorFactoryInitiator  : HHH000397: Using ASTQueryTranslatorFactory
2023-03-13 16:05:42.516  INFO 2648 --- [    Test worker] o.s.s.web.DefaultSecurityFilterChain     : Creating filter chain: any request, [org.springframework.security.web.context.request.async.WebAsyncManagerIntegrationFilter@243132a7, org.springframework.security.web.context.SecurityContextPersistenceFilter@2b9dd1d6, org.springframework.security.web.header.HeaderWriterFilter@6d8b1a8a, org.springframework.security.web.authentication.logout.LogoutFilter@3927f7d2, org.springframework.security.oauth2.client.web.OAuth2AuthorizationRequestRedirectFilter@7356667b, org.springframework.security.oauth2.client.web.OAuth2LoginAuthenticationFilter@2d758c3f, org.springframework.security.web.authentication.ui.DefaultLoginPageGeneratingFilter@7c719aeb, org.springframework.security.web.authentication.ui.DefaultLogoutPageGeneratingFilter@7a7b8897, org.springframework.security.web.savedrequest.RequestCacheAwareFilter@2c787fe6, org.springframework.security.web.servletapi.SecurityContextHolderAwareRequestFilter@19926fa9, org.springframework.security.web.authentication.AnonymousAuthenticationFilter@3a5e4c1d, org.springframework.security.web.session.SessionManagementFilter@5286e010, org.springframework.security.web.access.ExceptionTranslationFilter@772e099a, org.springframework.security.web.access.intercept.FilterSecurityInterceptor@78c4da0c]
2023-03-13 16:05:42.652  INFO 2648 --- [    Test worker] o.s.s.concurrent.ThreadPoolTaskExecutor  : Initializing ExecutorService 'applicationTaskExecutor'
2023-03-13 16:05:42.652  WARN 2648 --- [    Test worker] aWebConfiguration$JpaWebMvcConfiguration : spring.jpa.open-in-view is enabled by default. Therefore, database queries may be performed during view rendering. Explicitly configure spring.jpa.open-in-view to disable this warning
2023-03-13 16:05:42.683  INFO 2648 --- [    Test worker] o.s.b.a.w.s.WelcomePageHandlerMapping    : Adding welcome page template: index
2023-03-13 16:05:42.895  INFO 2648 --- [    Test worker] s.a.ScheduledAnnotationBeanPostProcessor : No TaskScheduler/ScheduledExecutorService bean found for scheduled processing
2023-03-13 16:05:42.913  INFO 2648 --- [    Test worker] o.s.b.w.embedded.tomcat.TomcatWebServer  : Tomcat started on port(s): 3152 (http) with context path ''
2023-03-13 16:05:42.913  INFO 2648 --- [    Test worker] c.h.s.web.PostsApiControllerTest         : Started PostsApiControllerTest in 1.825 seconds (JVM running for 9.457)
2023-03-13 16:05:42.929  INFO 2648 --- [    Test worker] o.a.c.c.C.[Tomcat].[localhost].[/]       : Initializing Spring TestDispatcherServlet ''
2023-03-13 16:05:42.929  INFO 2648 --- [    Test worker] o.s.t.web.servlet.TestDispatcherServlet  : Initializing Servlet ''
2023-03-13 16:05:42.929  INFO 2648 --- [    Test worker] o.s.t.web.servlet.TestDispatcherServlet  : Completed initialization in 0 ms
Hibernate: insert into posts (create_date, modified_date, author, content, title) values (?, ?, ?, ?, ?)
Hibernate: select posts0_.id as id1_0_, posts0_.create_date as create_d2_0_, posts0_.modified_date as modified3_0_, posts0_.author as author4_0_, posts0_.content as content5_0_, posts0_.title as title6_0_ from posts posts0_
Hibernate: select posts0_.id as id1_0_, posts0_.create_date as create_d2_0_, posts0_.modified_date as modified3_0_, posts0_.author as author4_0_, posts0_.content as content5_0_, posts0_.title as title6_0_ from posts posts0_
Hibernate: delete from posts where id=?
2023-03-13 16:05:43.022  INFO 2648 --- [    Test worker] o.a.c.c.C.[Tomcat].[localhost].[/]       : Initializing Spring TestDispatcherServlet ''
2023-03-13 16:05:43.022  INFO 2648 --- [    Test worker] o.s.t.web.servlet.TestDispatcherServlet  : Initializing Servlet ''
2023-03-13 16:05:43.029  INFO 2648 --- [    Test worker] o.s.t.web.servlet.TestDispatcherServlet  : Completed initialization in 7 ms
Hibernate: insert into posts (create_date, modified_date, author, content, title) values (?, ?, ?, ?, ?)
Hibernate: select posts0_.id as id1_0_0_, posts0_.create_date as create_d2_0_0_, posts0_.modified_date as modified3_0_0_, posts0_.author as author4_0_0_, posts0_.content as content5_0_0_, posts0_.title as title6_0_0_ from posts posts0_ where posts0_.id=?
Hibernate: update posts set create_date=?, modified_date=?, author=?, content=?, title=? where id=?
Hibernate: select posts0_.id as id1_0_, posts0_.create_date as create_d2_0_, posts0_.modified_date as modified3_0_, posts0_.author as author4_0_, posts0_.content as content5_0_, posts0_.title as title6_0_ from posts posts0_
Hibernate: select posts0_.id as id1_0_, posts0_.create_date as create_d2_0_, posts0_.modified_date as modified3_0_, posts0_.author as author4_0_, posts0_.content as content5_0_, posts0_.title as title6_0_ from posts posts0_
Hibernate: delete from posts where id=?
]]></system-out>
  <system-err><![CDATA[]]></system-err>
</testsuite>
